<!DOCTYPE html PUBLIC "-//W3C//DTD XHTML 1.1//EN" "http://www.w3.org/TR/xhtml11/DTD/xhtml11.dtd">
<html xmlns="http://www.w3.org/1999/xhtml">
<head>
<meta http-equiv="content-type" content="text/html; charset=UTF-8"/>
<title>TestNG Report</title>
<style type="text/css">table {margin-bottom:10px;border-collapse:collapse;empty-cells:show}th,td {border:1px solid #009;padding:.25em .5em}th {vertical-align:bottom}td {vertical-align:top}table a {font-weight:bold}.stripe td {background-color: #E6EBF9}.num {text-align:right}.passedodd td {background-color: #3F3}.passedeven td {background-color: #0A0}.skippedodd td {background-color: #DDD}.skippedeven td {background-color: #CCC}.failedodd td,.attn {background-color: #F33}.failedeven td,.stripe .attn {background-color: #D00}.stacktrace {white-space:pre;font-family:monospace}.totop {font-size:85%;text-align:center;border-bottom:2px solid #000}.invisible {display:none}</style>
</head>
<body>
<table>
<tr><th>Test</th><th># Passed</th><th># Skipped</th><th># Retried</th><th># Failed</th><th>Time (ms)</th><th>Included Groups</th><th>Excluded Groups</th></tr>
<tr><th colspan="8">Pentest Insights Suite</th></tr>
<tr><td><a href="#t0">Fucntional Test</a></td><td class="num">10</td><td class="num">0</td><td class="num">0</td><td class="num attn">2</td><td class="num">42,913</td><td></td><td></td></tr>
</table>
<table id='summary'><thead><tr><th>Class</th><th>Method</th><th>Start</th><th>Time (ms)</th></tr></thead><tbody><tr><th colspan="4">Pentest Insights Suite</th></tr></tbody><tbody id="t0"><tr><th colspan="4">Fucntional Test &#8212; failed</th></tr><tr class="failedeven"><td rowspan="2">securityMicroservice.FunctionalTest</td><td><a href="#m0">logout</a></td><td rowspan="1">1590421819916</td><td rowspan="1">30200</td></tr><tr class="failedeven"><td><a href="#m1">register</a></td><td rowspan="1">1590421815430</td><td rowspan="1">858</td></tr><tr><th colspan="4">Fucntional Test &#8212; passed</th></tr><tr class="passedeven"><td rowspan="10">securityMicroservice.FunctionalTest</td><td><a href="#m2">aboutUs</a></td><td rowspan="1">1590421818321</td><td rowspan="1">265</td></tr><tr class="passedeven"><td><a href="#m3">addItemsToBasket</a></td><td rowspan="1">1590421816292</td><td rowspan="1">1269</td></tr><tr class="passedeven"><td><a href="#m4">cleanUpAndSetUp</a></td><td rowspan="1">1590421815425</td><td rowspan="1">1</td></tr><tr class="passedeven"><td><a href="#m5">contactUs</a></td><td rowspan="1">1590421818965</td><td rowspan="1">490</td></tr><tr class="passedeven"><td><a href="#m6">done</a></td><td rowspan="1">1590421850693</td><td rowspan="1">0</td></tr><tr class="passedeven"><td><a href="#m7">login</a></td><td rowspan="1">1590421850117</td><td rowspan="1">575</td></tr><tr class="passedeven"><td><a href="#m8">scoringPage</a></td><td rowspan="1">1590421818587</td><td rowspan="1">377</td></tr><tr class="passedeven"><td><a href="#m9">search</a></td><td rowspan="1">1590421819455</td><td rowspan="1">461</td></tr><tr class="passedeven"><td><a href="#m10">updateBasket</a></td><td rowspan="1">1590421817811</td><td rowspan="1">510</td></tr><tr class="passedeven"><td><a href="#m11">viewBasket</a></td><td rowspan="1">1590421817562</td><td rowspan="1">248</td></tr></tbody>
</table>
<h2>Fucntional Test</h2><h3 id="m0">securityMicroservice.FunctionalTest#logout</h3><table class="result"><tr><th>Exception</th></tr><tr><td><div class="stacktrace">org.openqa.selenium.NoSuchElementException: no such element: Unable to locate element: {&quot;method&quot;:&quot;link text&quot;,&quot;selector&quot;:&quot;Logout&quot;}
  (Session info: chrome=83.0.4103.61)
For documentation on this error, please visit: https://selenium.dev/exceptions/#no_such_element
Build info: version: &apos;4.0.0-alpha-5&apos;, revision: &apos;b3a0d621cc&apos;
System info: host: &apos;johnfli-hp&apos;, ip: &apos;127.0.1.1&apos;, os.name: &apos;Linux&apos;, os.arch: &apos;amd64&apos;, os.version: &apos;4.15.0-72-generic&apos;, java.version: &apos;11.0.7&apos;
Driver info: org.openqa.selenium.chrome.ChromeDriver
Capabilities {acceptInsecureCerts: true, browserName: chrome, browserVersion: 83.0.4103.61, chrome: {chromedriverVersion: 83.0.4103.39 (ccbf011cb2d2b..., userDataDir: /tmp/.com.google.Chrome.ehTC0j}, goog:chromeOptions: {debuggerAddress: localhost:40233}, javascriptEnabled: true, networkConnectionEnabled: false, pageLoadStrategy: normal, platform: LINUX, platformName: LINUX, proxy: Proxy(manual, http=127.0.0...., setWindowRect: true, strictFileInteractability: false, timeouts: {implicit: 0, pageLoad: 300000, script: 30000}, unhandledPromptBehavior: dismiss and notify, webauthn:virtualAuthenticators: true}
Session ID: 0088df04ca36e57ba0c3f853687a0270
*** Element info: {Using=link text, value=Logout}
	at org.openqa.selenium.remote.codec.w3c.W3CHttpResponseCodec.createException(W3CHttpResponseCodec.java:196)
	at org.openqa.selenium.remote.codec.w3c.W3CHttpResponseCodec.decode(W3CHttpResponseCodec.java:129)
	at org.openqa.selenium.remote.codec.w3c.W3CHttpResponseCodec.decode(W3CHttpResponseCodec.java:53)
	at org.openqa.selenium.remote.HttpCommandExecutor.execute(HttpCommandExecutor.java:161)
	at org.openqa.selenium.remote.service.DriverCommandExecutor.execute(DriverCommandExecutor.java:83)
	at org.openqa.selenium.remote.RemoteWebDriver.execute(RemoteWebDriver.java:582)
	at org.openqa.selenium.remote.RemoteWebDriver.findElement(RemoteWebDriver.java:333)
	at org.openqa.selenium.remote.RemoteWebDriver.findElementByLinkText(RemoteWebDriver.java:391)
	at org.openqa.selenium.By$ByLinkText.findElement(By.java:233)
	at org.openqa.selenium.remote.RemoteWebDriver.findElement(RemoteWebDriver.java:325)
	at securityMicroservice.FunctionalTest.logout(FunctionalTest.java:171)
	at java.base/java.util.ArrayList.forEach(ArrayList.java:1540)
... Removed 35 stack frames</div></td></tr></table><p class="totop"><a href="#summary">back to summary</a></p>
<h3 id="m1">securityMicroservice.FunctionalTest#register</h3><table class="result"><tr><th>Exception</th></tr><tr><td><div class="stacktrace">java.lang.AssertionError: expected [true] but found [false]
	at securityMicroservice.FunctionalTest.register(FunctionalTest.java:78)
	at java.base/java.util.ArrayList.forEach(ArrayList.java:1540)
... Removed 35 stack frames</div></td></tr></table><p class="totop"><a href="#summary">back to summary</a></p>
<h3 id="m2">securityMicroservice.FunctionalTest#aboutUs</h3><table class="result"><tr><th class="invisible"/></tr></table><p class="totop"><a href="#summary">back to summary</a></p>
<h3 id="m3">securityMicroservice.FunctionalTest#addItemsToBasket</h3><table class="result"><tr><th class="invisible"/></tr></table><p class="totop"><a href="#summary">back to summary</a></p>
<h3 id="m4">securityMicroservice.FunctionalTest#cleanUpAndSetUp</h3><table class="result"><tr><th class="invisible"/></tr></table><p class="totop"><a href="#summary">back to summary</a></p>
<h3 id="m5">securityMicroservice.FunctionalTest#contactUs</h3><table class="result"><tr><th class="invisible"/></tr></table><p class="totop"><a href="#summary">back to summary</a></p>
<h3 id="m6">securityMicroservice.FunctionalTest#done</h3><table class="result"><tr><th class="invisible"/></tr></table><p class="totop"><a href="#summary">back to summary</a></p>
<h3 id="m7">securityMicroservice.FunctionalTest#login</h3><table class="result"><tr><th class="invisible"/></tr></table><p class="totop"><a href="#summary">back to summary</a></p>
<h3 id="m8">securityMicroservice.FunctionalTest#scoringPage</h3><table class="result"><tr><th class="invisible"/></tr></table><p class="totop"><a href="#summary">back to summary</a></p>
<h3 id="m9">securityMicroservice.FunctionalTest#search</h3><table class="result"><tr><th class="invisible"/></tr></table><p class="totop"><a href="#summary">back to summary</a></p>
<h3 id="m10">securityMicroservice.FunctionalTest#updateBasket</h3><table class="result"><tr><th class="invisible"/></tr></table><p class="totop"><a href="#summary">back to summary</a></p>
<h3 id="m11">securityMicroservice.FunctionalTest#viewBasket</h3><table class="result"><tr><th class="invisible"/></tr></table><p class="totop"><a href="#summary">back to summary</a></p>
</body>
</html>
