<!DOCTYPE html PUBLIC "-//W3C//DTD XHTML 1.1//EN" "http://www.w3.org/TR/xhtml11/DTD/xhtml11.dtd">
<html xmlns="http://www.w3.org/1999/xhtml">
<head>
<meta http-equiv="content-type" content="text/html; charset=UTF-8"/>
<title>TestNG Report</title>
<style type="text/css">table {margin-bottom:10px;border-collapse:collapse;empty-cells:show}th,td {border:1px solid #009;padding:.25em .5em}th {vertical-align:bottom}td {vertical-align:top}table a {font-weight:bold}.stripe td {background-color: #E6EBF9}.num {text-align:right}.passedodd td {background-color: #3F3}.passedeven td {background-color: #0A0}.skippedodd td {background-color: #DDD}.skippedeven td {background-color: #CCC}.failedodd td,.attn {background-color: #F33}.failedeven td,.stripe .attn {background-color: #D00}.stacktrace {white-space:pre;font-family:monospace}.totop {font-size:85%;text-align:center;border-bottom:2px solid #000}.invisible {display:none}</style>
</head>
<body>
<table>
<tr><th>Test</th><th># Passed</th><th># Skipped</th><th># Retried</th><th># Failed</th><th>Time (ms)</th><th>Included Groups</th><th>Excluded Groups</th></tr>
<tr><th colspan="8">Pentest Insights Suite</th></tr>
<tr><td><a href="#t0">Fucntional Test</a></td><td class="num">10</td><td class="num">0</td><td class="num">0</td><td class="num attn">2</td><td class="num">68,349</td><td></td><td></td></tr>
</table>
<table id='summary'><thead><tr><th>Class</th><th>Method</th><th>Start</th><th>Time (ms)</th></tr></thead><tbody><tr><th colspan="4">Pentest Insights Suite</th></tr></tbody><tbody id="t0"><tr><th colspan="4">Fucntional Test &#8212; failed</th></tr><tr class="failedeven"><td rowspan="2">securityMicroservice.FunctionalTest</td><td><a href="#m0">logout</a></td><td rowspan="1">1589469797675</td><td rowspan="1">30061</td></tr><tr class="failedeven"><td><a href="#m1">register</a></td><td rowspan="1">1589469788130</td><td rowspan="1">2072</td></tr><tr><th colspan="4">Fucntional Test &#8212; passed</th></tr><tr class="passedeven"><td rowspan="10">securityMicroservice.FunctionalTest</td><td><a href="#m2">aboutUs</a></td><td rowspan="1">1589469794324</td><td rowspan="1">427</td></tr><tr class="passedeven"><td><a href="#m3">addItemsToBasket</a></td><td rowspan="1">1589469790213</td><td rowspan="1">3502</td></tr><tr class="passedeven"><td><a href="#m4">cleanUpAndSetUp</a></td><td rowspan="1">1589469788118</td><td rowspan="1">2</td></tr><tr class="passedeven"><td><a href="#m5">contactUs</a></td><td rowspan="1">1589469795687</td><td rowspan="1">1058</td></tr><tr class="passedeven"><td><a href="#m6">done</a></td><td rowspan="1">1589469828679</td><td rowspan="1">355</td></tr><tr class="passedeven"><td><a href="#m7">login</a></td><td rowspan="1">1589469827739</td><td rowspan="1">939</td></tr><tr class="passedeven"><td><a href="#m8">scoringPage</a></td><td rowspan="1">1589469794753</td><td rowspan="1">933</td></tr><tr class="passedeven"><td><a href="#m9">search</a></td><td rowspan="1">1589469796746</td><td rowspan="1">927</td></tr><tr class="passedeven"><td><a href="#m10">updateBasket</a></td><td rowspan="1">1589469793876</td><td rowspan="1">447</td></tr><tr class="passedeven"><td><a href="#m11">viewBasket</a></td><td rowspan="1">1589469793716</td><td rowspan="1">159</td></tr></tbody>
</table>
<h2>Fucntional Test</h2><h3 id="m0">securityMicroservice.FunctionalTest#logout</h3><table class="result"><tr><th>Exception</th></tr><tr><td><div class="stacktrace">org.openqa.selenium.NoSuchElementException: no such element: Unable to locate element: {&quot;method&quot;:&quot;link text&quot;,&quot;selector&quot;:&quot;Logout&quot;}
  (Session info: chrome=81.0.4044.138)
For documentation on this error, please visit: https://selenium.dev/exceptions/#no_such_element
Build info: version: &apos;4.0.0-alpha-5&apos;, revision: &apos;b3a0d621cc&apos;
System info: host: &apos;DESKTOP-6U5GF4U&apos;, ip: &apos;192.168.99.1&apos;, os.name: &apos;Windows 10&apos;, os.arch: &apos;amd64&apos;, os.version: &apos;10.0&apos;, java.version: &apos;13.0.2&apos;
Driver info: org.openqa.selenium.chrome.ChromeDriver
Capabilities {acceptInsecureCerts: true, browserName: chrome, browserVersion: 81.0.4044.138, chrome: {chromedriverVersion: 81.0.4044.138 (8c6c7ba89cc9..., userDataDir: C:\Users\JohnF\AppData\Loca...}, goog:chromeOptions: {debuggerAddress: localhost:64967}, javascriptEnabled: true, networkConnectionEnabled: false, pageLoadStrategy: normal, platform: WINDOWS, platformName: WINDOWS, proxy: Proxy(manual, http=127.0.0...., setWindowRect: true, strictFileInteractability: false, timeouts: {implicit: 0, pageLoad: 300000, script: 30000}, unhandledPromptBehavior: dismiss and notify, webauthn:virtualAuthenticators: true}
Session ID: a523846107a7403c6ed5157e39308ee5
*** Element info: {Using=link text, value=Logout}
	at org.openqa.selenium.remote.codec.w3c.W3CHttpResponseCodec.createException(W3CHttpResponseCodec.java:196)
	at org.openqa.selenium.remote.codec.w3c.W3CHttpResponseCodec.decode(W3CHttpResponseCodec.java:129)
	at org.openqa.selenium.remote.codec.w3c.W3CHttpResponseCodec.decode(W3CHttpResponseCodec.java:53)
	at org.openqa.selenium.remote.HttpCommandExecutor.execute(HttpCommandExecutor.java:161)
	at org.openqa.selenium.remote.service.DriverCommandExecutor.execute(DriverCommandExecutor.java:83)
	at org.openqa.selenium.remote.RemoteWebDriver.execute(RemoteWebDriver.java:582)
	at org.openqa.selenium.remote.RemoteWebDriver.findElement(RemoteWebDriver.java:333)
	at org.openqa.selenium.remote.RemoteWebDriver.findElementByLinkText(RemoteWebDriver.java:391)
	at org.openqa.selenium.By$ByLinkText.findElement(By.java:233)
	at org.openqa.selenium.remote.RemoteWebDriver.findElement(RemoteWebDriver.java:325)
	at securityMicroservice.FunctionalTest.logout(FunctionalTest.java:144)
	at java.base/java.util.ArrayList.forEach(ArrayList.java:1507)
... Removed 36 stack frames</div></td></tr></table><p class="totop"><a href="#summary">back to summary</a></p>
<h3 id="m1">securityMicroservice.FunctionalTest#register</h3><table class="result"><tr><th>Exception</th></tr><tr><td><div class="stacktrace">java.lang.AssertionError: expected [true] but found [false]
	at securityMicroservice.FunctionalTest.register(FunctionalTest.java:67)
	at java.base/java.util.ArrayList.forEach(ArrayList.java:1507)
... Removed 35 stack frames</div></td></tr></table><p class="totop"><a href="#summary">back to summary</a></p>
<h3 id="m2">securityMicroservice.FunctionalTest#aboutUs</h3><table class="result"><tr><th class="invisible"/></tr></table><p class="totop"><a href="#summary">back to summary</a></p>
<h3 id="m3">securityMicroservice.FunctionalTest#addItemsToBasket</h3><table class="result"><tr><th class="invisible"/></tr></table><p class="totop"><a href="#summary">back to summary</a></p>
<h3 id="m4">securityMicroservice.FunctionalTest#cleanUpAndSetUp</h3><table class="result"><tr><th class="invisible"/></tr></table><p class="totop"><a href="#summary">back to summary</a></p>
<h3 id="m5">securityMicroservice.FunctionalTest#contactUs</h3><table class="result"><tr><th class="invisible"/></tr></table><p class="totop"><a href="#summary">back to summary</a></p>
<h3 id="m6">securityMicroservice.FunctionalTest#done</h3><table class="result"><tr><th class="invisible"/></tr></table><p class="totop"><a href="#summary">back to summary</a></p>
<h3 id="m7">securityMicroservice.FunctionalTest#login</h3><table class="result"><tr><th class="invisible"/></tr></table><p class="totop"><a href="#summary">back to summary</a></p>
<h3 id="m8">securityMicroservice.FunctionalTest#scoringPage</h3><table class="result"><tr><th class="invisible"/></tr></table><p class="totop"><a href="#summary">back to summary</a></p>
<h3 id="m9">securityMicroservice.FunctionalTest#search</h3><table class="result"><tr><th class="invisible"/></tr></table><p class="totop"><a href="#summary">back to summary</a></p>
<h3 id="m10">securityMicroservice.FunctionalTest#updateBasket</h3><table class="result"><tr><th class="invisible"/></tr></table><p class="totop"><a href="#summary">back to summary</a></p>
<h3 id="m11">securityMicroservice.FunctionalTest#viewBasket</h3><table class="result"><tr><th class="invisible"/></tr></table><p class="totop"><a href="#summary">back to summary</a></p>
</body>
</html>
